0 info it worked if it ends with ok
1 verbose cli [ '/home/karen/.nvm/versions/node/v6.9.1/bin/node',
1 verbose cli   '/home/karen/.nvm/versions/node/v6.9.1/bin/npm',
1 verbose cli   'run',
1 verbose cli   'build' ]
2 info using npm@3.10.8
3 info using node@v6.9.1
4 verbose run-script [ 'prebuild', 'build', 'postbuild' ]
5 info lifecycle src@1.0.0~prebuild: src@1.0.0
6 silly lifecycle src@1.0.0~prebuild: no script for prebuild, continuing
7 info lifecycle src@1.0.0~build: src@1.0.0
8 verbose lifecycle src@1.0.0~build: unsafe-perm in lifecycle true
9 verbose lifecycle src@1.0.0~build: PATH: /home/karen/.nvm/versions/node/v6.9.1/lib/node_modules/npm/bin/node-gyp-bin:/opt/lampp/htdocs/1.2-modules-webpack/src/node_modules/.bin:/home/karen/.nvm/versions/node/v6.9.1/bin:/home/karen/bin:/home/karen/.local/bin:/usr/local/sbin:/usr/local/bin:/usr/sbin:/usr/bin:/sbin:/bin:/usr/games:/usr/local/games:/snap/bin
10 verbose lifecycle src@1.0.0~build: CWD: /opt/lampp/htdocs/1.2-modules-webpack/src
11 silly lifecycle src@1.0.0~build: Args: [ '-c', 'webpack' ]
12 silly lifecycle src@1.0.0~build: Returned: code: 1  signal: null
13 info lifecycle src@1.0.0~build: Failed to exec build script
14 verbose stack Error: src@1.0.0 build: `webpack`
14 verbose stack Exit status 1
14 verbose stack     at EventEmitter.<anonymous> (/home/karen/.nvm/versions/node/v6.9.1/lib/node_modules/npm/lib/utils/lifecycle.js:255:16)
14 verbose stack     at emitTwo (events.js:106:13)
14 verbose stack     at EventEmitter.emit (events.js:191:7)
14 verbose stack     at ChildProcess.<anonymous> (/home/karen/.nvm/versions/node/v6.9.1/lib/node_modules/npm/lib/utils/spawn.js:40:14)
14 verbose stack     at emitTwo (events.js:106:13)
14 verbose stack     at ChildProcess.emit (events.js:191:7)
14 verbose stack     at maybeClose (internal/child_process.js:877:16)
14 verbose stack     at Process.ChildProcess._handle.onexit (internal/child_process.js:226:5)
15 verbose pkgid src@1.0.0
16 verbose cwd /opt/lampp/htdocs/1.2-modules-webpack/src
17 error Linux 4.4.0-101-generic
18 error argv "/home/karen/.nvm/versions/node/v6.9.1/bin/node" "/home/karen/.nvm/versions/node/v6.9.1/bin/npm" "run" "build"
19 error node v6.9.1
20 error npm  v3.10.8
21 error code ELIFECYCLE
22 error src@1.0.0 build: `webpack`
22 error Exit status 1
23 error Failed at the src@1.0.0 build script 'webpack'.
23 error Make sure you have the latest version of node.js and npm installed.
23 error If you do, this is most likely a problem with the src package,
23 error not with npm itself.
23 error Tell the author that this fails on your system:
23 error     webpack
23 error You can get information on how to open an issue for this project with:
23 error     npm bugs src
23 error Or if that isn't available, you can get their info via:
23 error     npm owner ls src
23 error There is likely additional logging output above.
24 verbose exit [ 1, true ]
